C:\Users\AniuchiAdaobi\source\repos\ExpenseJournal\ClientApp\dist\out-tsc\e2e\src\app.po.js
C:\Users\AniuchiAdaobi\source\repos\ExpenseJournal\ClientApp\dist\out-tsc\e2e\src\app.po.js.map
C:\Users\AniuchiAdaobi\source\repos\ExpenseJournal\ClientApp\dist\out-tsc\e2e\src\app.e2e-spec.js
C:\Users\AniuchiAdaobi\source\repos\ExpenseJournal\ClientApp\dist\out-tsc\e2e\src\app.e2e-spec.js.map
C:\Users\AniuchiAdaobi\source\repos\ExpenseJournal\ClientApp\dist\out-tsc\src\app\app-routing.module.js
C:\Users\AniuchiAdaobi\source\repos\ExpenseJournal\ClientApp\dist\out-tsc\src\app\app-routing.module.js.map
C:\Users\AniuchiAdaobi\source\repos\ExpenseJournal\ClientApp\dist\out-tsc\src\app\app.component.js
C:\Users\AniuchiAdaobi\source\repos\ExpenseJournal\ClientApp\dist\out-tsc\src\app\app.component.js.map
C:\Users\AniuchiAdaobi\source\repos\ExpenseJournal\ClientApp\dist\out-tsc\src\app\expense.service.js
C:\Users\AniuchiAdaobi\source\repos\ExpenseJournal\ClientApp\dist\out-tsc\src\app\expense.service.js.map
C:\Users\AniuchiAdaobi\source\repos\ExpenseJournal\ClientApp\dist\out-tsc\src\app\home\home.component.js
C:\Users\AniuchiAdaobi\source\repos\ExpenseJournal\ClientApp\dist\out-tsc\src\app\home\home.component.js.map
C:\Users\AniuchiAdaobi\source\repos\ExpenseJournal\ClientApp\dist\out-tsc\src\app\category.enum.js
C:\Users\AniuchiAdaobi\source\repos\ExpenseJournal\ClientApp\dist\out-tsc\src\app\category.enum.js.map
C:\Users\AniuchiAdaobi\source\repos\ExpenseJournal\ClientApp\dist\out-tsc\src\app\grid-expense\grid-expense.component.js
C:\Users\AniuchiAdaobi\source\repos\ExpenseJournal\ClientApp\dist\out-tsc\src\app\grid-expense\grid-expense.component.js.map
C:\Users\AniuchiAdaobi\source\repos\ExpenseJournal\ClientApp\dist\out-tsc\src\app\add-or-update-expense\add-or-update-expense.component.js
C:\Users\AniuchiAdaobi\source\repos\ExpenseJournal\ClientApp\dist\out-tsc\src\app\add-or-update-expense\add-or-update-expense.component.js.map
C:\Users\AniuchiAdaobi\source\repos\ExpenseJournal\ClientApp\dist\out-tsc\src\app\enum-as-string.pipe.js
C:\Users\AniuchiAdaobi\source\repos\ExpenseJournal\ClientApp\dist\out-tsc\src\app\enum-as-string.pipe.js.map
C:\Users\AniuchiAdaobi\source\repos\ExpenseJournal\ClientApp\dist\out-tsc\src\app\app.module.js
C:\Users\AniuchiAdaobi\source\repos\ExpenseJournal\ClientApp\dist\out-tsc\src\app\app.module.js.map
C:\Users\AniuchiAdaobi\source\repos\ExpenseJournal\ClientApp\dist\out-tsc\src\environments\environment.js
C:\Users\AniuchiAdaobi\source\repos\ExpenseJournal\ClientApp\dist\out-tsc\src\environments\environment.js.map
C:\Users\AniuchiAdaobi\source\repos\ExpenseJournal\ClientApp\dist\out-tsc\src\main.js
C:\Users\AniuchiAdaobi\source\repos\ExpenseJournal\ClientApp\dist\out-tsc\src\main.js.map
C:\Users\AniuchiAdaobi\source\repos\ExpenseJournal\ClientApp\dist\out-tsc\src\polyfills.js
C:\Users\AniuchiAdaobi\source\repos\ExpenseJournal\ClientApp\dist\out-tsc\src\polyfills.js.map
C:\Users\AniuchiAdaobi\source\repos\ExpenseJournal\ClientApp\dist\out-tsc\src\test.js
C:\Users\AniuchiAdaobi\source\repos\ExpenseJournal\ClientApp\dist\out-tsc\src\test.js.map
C:\Users\AniuchiAdaobi\source\repos\ExpenseJournal\ClientApp\dist\out-tsc\src\app\app.component.spec.js
C:\Users\AniuchiAdaobi\source\repos\ExpenseJournal\ClientApp\dist\out-tsc\src\app\app.component.spec.js.map
C:\Users\AniuchiAdaobi\source\repos\ExpenseJournal\ClientApp\dist\out-tsc\src\app\expense.service.spec.js
C:\Users\AniuchiAdaobi\source\repos\ExpenseJournal\ClientApp\dist\out-tsc\src\app\expense.service.spec.js.map
C:\Users\AniuchiAdaobi\source\repos\ExpenseJournal\ClientApp\dist\out-tsc\src\app\add-or-update-expense\add-or-update-expense.component.spec.js
C:\Users\AniuchiAdaobi\source\repos\ExpenseJournal\ClientApp\dist\out-tsc\src\app\add-or-update-expense\add-or-update-expense.component.spec.js.map
C:\Users\AniuchiAdaobi\source\repos\ExpenseJournal\ClientApp\dist\out-tsc\src\app\grid-expense\grid-expense.component.spec.js
C:\Users\AniuchiAdaobi\source\repos\ExpenseJournal\ClientApp\dist\out-tsc\src\app\grid-expense\grid-expense.component.spec.js.map
C:\Users\AniuchiAdaobi\source\repos\ExpenseJournal\ClientApp\dist\out-tsc\src\app\home\home.component.spec.js
C:\Users\AniuchiAdaobi\source\repos\ExpenseJournal\ClientApp\dist\out-tsc\src\app\home\home.component.spec.js.map
C:\Users\AniuchiAdaobi\source\repos\ExpenseJournal\ClientApp\dist\out-tsc\src\environments\environment.prod.js
C:\Users\AniuchiAdaobi\source\repos\ExpenseJournal\ClientApp\dist\out-tsc\src\environments\environment.prod.js.map
